<?xml version="1.0" encoding="UTF-8"?>
<!-- Generated by org.testng.reporters.JUnitXMLReporter -->
<testsuite ignored="1" hostname="Naveens-MacBook-Pro-2.local" failures="0" tests="2" name="Test" time="10.448" errors="0" timestamp="2023-10-28T15:00:07 BST">
  <testcase classname="com.flexiquiz.tests.FeaturesTest" name="openFeatures" time="0.45"/>
  <testcase classname="com.flexiquiz.tests.ProductTest" name="openProductPage" time="0.556"/>
  <testcase classname="com.flexiquiz.base.BaseScript" name="@AfterTest quitBrowser" time="0.0">
    <ignored/>
  </testcase> <!-- @AfterTest quitBrowser -->
</testsuite> <!-- Test -->
