<?xml version="1.0" encoding="UTF-8"?>
<testng-results ignored="0" total="2" passed="2" failed="0" skipped="0">
  <reporter-output>
  </reporter-output>
  <suite started-at="2023-10-28T14:59:56 BST" name="Suite" finished-at="2023-10-28T15:00:07 BST" duration-ms="10448">
    <groups>
    </groups>
    <test started-at="2023-10-28T14:59:56 BST" name="Test" finished-at="2023-10-28T15:00:07 BST" duration-ms="10448">
      <class name="com.flexiquiz.tests.ProductTest">
        <test-method is-config="true" signature="openBrowser()[pri:0, instance:com.flexiquiz.tests.ProductTest@7334aada]" started-at="2023-10-28T14:59:59 BST" name="openBrowser" finished-at="2023-10-28T15:00:01 BST" duration-ms="1760" status="PASS">
          <reporter-output>
          </reporter-output>
        </test-method> <!-- openBrowser -->
        <test-method signature="openProductPage()[pri:0, instance:com.flexiquiz.tests.ProductTest@7334aada]" started-at="2023-10-28T15:00:01 BST" name="openProductPage" finished-at="2023-10-28T15:00:02 BST" duration-ms="556" status="PASS">
          <reporter-output>
          </reporter-output>
        </test-method> <!-- openProductPage -->
      </class> <!-- com.flexiquiz.tests.ProductTest -->
      <class name="com.flexiquiz.tests.FeaturesTest">
        <test-method is-config="true" signature="openBrowser()[pri:0, instance:com.flexiquiz.tests.FeaturesTest@402bba4f]" started-at="2023-10-28T14:59:57 BST" name="openBrowser" finished-at="2023-10-28T14:59:59 BST" duration-ms="2500" status="PASS">
          <reporter-output>
          </reporter-output>
        </test-method> <!-- openBrowser -->
        <test-method signature="openFeatures()[pri:0, instance:com.flexiquiz.tests.FeaturesTest@402bba4f]" started-at="2023-10-28T14:59:59 BST" name="openFeatures" finished-at="2023-10-28T14:59:59 BST" duration-ms="450" status="PASS">
          <reporter-output>
          </reporter-output>
        </test-method> <!-- openFeatures -->
        <test-method is-config="true" signature="quitBrowser()[pri:0, instance:com.flexiquiz.tests.FeaturesTest@402bba4f]" started-at="2023-10-28T15:00:02 BST" name="quitBrowser" finished-at="2023-10-28T15:00:07 BST" duration-ms="5152" status="PASS">
          <reporter-output>
          </reporter-output>
        </test-method> <!-- quitBrowser -->
      </class> <!-- com.flexiquiz.tests.FeaturesTest -->
    </test> <!-- Test -->
  </suite> <!-- Suite -->
</testng-results>
